<?xml version="1.0" encoding="UTF-8"?>
<!-- Generated by org.testng.reporters.JUnitReportReporter -->
<testsuite skipped="0" hostname="VD-MDU-MMA12" name="TestCases.T_LoginPage" tests="1" failures="0" timestamp="2019-12-10T15:47:21 IST" time="8.176" errors="0">
  <testcase name="loginTest" time="8.176" classname="TestCases.T_LoginPage"/>
</testsuite> <!-- TestCases.T_LoginPage -->
